[0/2] Re-checking globbed directories...
[1/1] Running utility command for check
Enabled checks:
    boost-use-to-string
    cert-con36-c
    cert-con54-cpp
    cert-dcl03-c
    cert-dcl16-c
    cert-dcl21-cpp
    cert-dcl37-c
    cert-dcl50-cpp
    cert-dcl51-cpp
    cert-dcl54-cpp
    cert-dcl58-cpp
    cert-dcl59-cpp
    cert-env33-c
    cert-err09-cpp
    cert-err34-c
    cert-err52-cpp
    cert-err58-cpp
    cert-err60-cpp
    cert-err61-cpp
    cert-fio38-c
    cert-flp30-c
    cert-mem57-cpp
    cert-msc30-c
    cert-msc32-c
    cert-msc50-cpp
    cert-msc51-cpp
    cert-oop11-cpp
    cert-oop54-cpp
    cert-oop57-cpp
    cert-oop58-cpp
    cert-pos44-c
    cert-str34-c
    clang-analyzer-apiModeling.StdCLibraryFunctions
    clang-analyzer-apiModeling.TrustNonnull
    clang-analyzer-apiModeling.google.GTest
    clang-analyzer-apiModeling.llvm.CastValue
    clang-analyzer-apiModeling.llvm.ReturnValue
    clang-analyzer-core.CallAndMessage
    clang-analyzer-core.CallAndMessageModeling
    clang-analyzer-core.DivideZero
    clang-analyzer-core.DynamicTypePropagation
    clang-analyzer-core.NonNullParamChecker
    clang-analyzer-core.NonnilStringConstants
    clang-analyzer-core.NullDereference
    clang-analyzer-core.StackAddrEscapeBase
    clang-analyzer-core.StackAddressEscape
    clang-analyzer-core.UndefinedBinaryOperatorResult
    clang-analyzer-core.VLASize
    clang-analyzer-core.builtin.BuiltinFunctions
    clang-analyzer-core.builtin.NoReturnFunctions
    clang-analyzer-core.uninitialized.ArraySubscript
    clang-analyzer-core.uninitialized.Assign
    clang-analyzer-core.uninitialized.Branch
    clang-analyzer-core.uninitialized.CapturedBlockVariable
    clang-analyzer-core.uninitialized.UndefReturn
    clang-analyzer-cplusplus.InnerPointer
    clang-analyzer-cplusplus.Move
    clang-analyzer-cplusplus.NewDelete
    clang-analyzer-cplusplus.NewDeleteLeaks
    clang-analyzer-cplusplus.PlacementNew
    clang-analyzer-cplusplus.PureVirtualCall
    clang-analyzer-cplusplus.SelfAssignment
    clang-analyzer-cplusplus.SmartPtrModeling
    clang-analyzer-cplusplus.VirtualCallModeling
    clang-analyzer-deadcode.DeadStores
    clang-analyzer-fuchsia.HandleChecker
    clang-analyzer-nullability.NullPassedToNonnull
    clang-analyzer-nullability.NullReturnedFromNonnull
    clang-analyzer-nullability.NullabilityBase
    clang-analyzer-nullability.NullableDereferenced
    clang-analyzer-nullability.NullablePassedToNonnull
    clang-analyzer-nullability.NullableReturnedFromNonnull
    clang-analyzer-optin.cplusplus.UninitializedObject
    clang-analyzer-optin.cplusplus.VirtualCall
    clang-analyzer-optin.mpi.MPI-Checker
    clang-analyzer-optin.osx.OSObjectCStyleCast
    clang-analyzer-optin.osx.cocoa.localizability.EmptyLocalizationContextChecker
    clang-analyzer-optin.osx.cocoa.localizability.NonLocalizedStringChecker
    clang-analyzer-optin.performance.GCDAntipattern
    clang-analyzer-optin.performance.Padding
    clang-analyzer-optin.portability.UnixAPI
    clang-analyzer-osx.API
    clang-analyzer-osx.MIG
    clang-analyzer-osx.NSOrCFErrorDerefChecker
    clang-analyzer-osx.NumberObjectConversion
    clang-analyzer-osx.OSObjectRetainCount
    clang-analyzer-osx.ObjCProperty
    clang-analyzer-osx.SecKeychainAPI
    clang-analyzer-osx.cocoa.AtSync
    clang-analyzer-osx.cocoa.AutoreleaseWrite
    clang-analyzer-osx.cocoa.ClassRelease
    clang-analyzer-osx.cocoa.Dealloc
    clang-analyzer-osx.cocoa.IncompatibleMethodTypes
    clang-analyzer-osx.cocoa.Loops
    clang-analyzer-osx.cocoa.MissingSuperCall
    clang-analyzer-osx.cocoa.NSAutoreleasePool
    clang-analyzer-osx.cocoa.NSError
    clang-analyzer-osx.cocoa.NilArg
    clang-analyzer-osx.cocoa.NonNilReturnValue
    clang-analyzer-osx.cocoa.ObjCGenerics
    clang-analyzer-osx.cocoa.RetainCount
    clang-analyzer-osx.cocoa.RetainCountBase
    clang-analyzer-osx.cocoa.RunLoopAutoreleaseLeak
    clang-analyzer-osx.cocoa.SelfInit
    clang-analyzer-osx.cocoa.SuperDealloc
    clang-analyzer-osx.cocoa.UnusedIvars
    clang-analyzer-osx.cocoa.VariadicMethodTypes
    clang-analyzer-osx.coreFoundation.CFError
    clang-analyzer-osx.coreFoundation.CFNumber
    clang-analyzer-osx.coreFoundation.CFRetainRelease
    clang-analyzer-osx.coreFoundation.containers.OutOfBounds
    clang-analyzer-osx.coreFoundation.containers.PointerSizedValues
    clang-analyzer-security.FloatLoopCounter
    clang-analyzer-security.insecureAPI.DeprecatedOrUnsafeBufferHandling
    clang-analyzer-security.insecureAPI.SecuritySyntaxChecker
    clang-analyzer-security.insecureAPI.UncheckedReturn
    clang-analyzer-security.insecureAPI.bcmp
    clang-analyzer-security.insecureAPI.bcopy
    clang-analyzer-security.insecureAPI.bzero
    clang-analyzer-security.insecureAPI.decodeValueOfObjCType
    clang-analyzer-security.insecureAPI.getpw
    clang-analyzer-security.insecureAPI.gets
    clang-analyzer-security.insecureAPI.mkstemp
    clang-analyzer-security.insecureAPI.mktemp
    clang-analyzer-security.insecureAPI.rand
    clang-analyzer-security.insecureAPI.strcpy
    clang-analyzer-security.insecureAPI.vfork
    clang-analyzer-unix.API
    clang-analyzer-unix.DynamicMemoryModeling
    clang-analyzer-unix.Malloc
    clang-analyzer-unix.MallocSizeof
    clang-analyzer-unix.MismatchedDeallocator
    clang-analyzer-unix.Vfork
    clang-analyzer-unix.cstring.BadSizeArg
    clang-analyzer-unix.cstring.CStringModeling
    clang-analyzer-unix.cstring.NullArg
    clang-analyzer-valist.CopyToSelf
    clang-analyzer-valist.Uninitialized
    clang-analyzer-valist.Unterminated
    clang-analyzer-valist.ValistBase
    clang-analyzer-webkit.NoUncountedMemberChecker
    clang-analyzer-webkit.RefCntblBaseVirtualDtor
    cppcoreguidelines-avoid-goto
    cppcoreguidelines-avoid-non-const-global-variables
    cppcoreguidelines-c-copy-assignment-signature
    cppcoreguidelines-explicit-virtual-functions
    cppcoreguidelines-init-variables
    cppcoreguidelines-interfaces-global-init
    cppcoreguidelines-narrowing-conversions
    cppcoreguidelines-no-malloc
    cppcoreguidelines-non-private-member-variables-in-classes
    cppcoreguidelines-pro-bounds-array-to-pointer-decay
    cppcoreguidelines-pro-bounds-constant-array-index
    cppcoreguidelines-pro-bounds-pointer-arithmetic
    cppcoreguidelines-pro-type-const-cast
    cppcoreguidelines-pro-type-cstyle-cast
    cppcoreguidelines-pro-type-member-init
    cppcoreguidelines-pro-type-reinterpret-cast
    cppcoreguidelines-pro-type-static-cast-downcast
    cppcoreguidelines-pro-type-union-access
    cppcoreguidelines-pro-type-vararg
    cppcoreguidelines-slicing
    cppcoreguidelines-special-member-functions
    misc-definitions-in-headers
    misc-misplaced-const
    misc-new-delete-overloads
    misc-no-recursion
    misc-non-copyable-objects
    misc-redundant-expression
    misc-static-assert
    misc-throw-by-value-catch-by-reference
    misc-unconventional-assign-operator
    misc-uniqueptr-reset-release
    misc-unused-alias-decls
    misc-unused-parameters
    misc-unused-using-decls
    performance-faster-string-find
    performance-for-range-copy
    performance-implicit-conversion-in-loop
    performance-inefficient-algorithm
    performance-inefficient-string-concatenation
    performance-inefficient-vector-operation
    performance-move-const-arg
    performance-move-constructor-init
    performance-no-automatic-move
    performance-noexcept-move-constructor
    performance-trivially-destructible
    performance-type-promotion-in-math-fn
    performance-unnecessary-copy-initialization
    performance-unnecessary-value-param
    portability-restrict-system-includes
    portability-simd-intrinsics
    readability-avoid-const-params-in-decls
    readability-braces-around-statements
    readability-const-return-type
    readability-container-size-empty
    readability-convert-member-functions-to-static
    readability-delete-null-pointer
    readability-deleted-default
    readability-else-after-return
    readability-function-size
    readability-identifier-naming
    readability-implicit-bool-conversion
    readability-inconsistent-declaration-parameter-name
    readability-isolate-declaration
    readability-make-member-function-const
    readability-misleading-indentation
    readability-misplaced-array-index
    readability-named-parameter
    readability-non-const-parameter
    readability-qualified-auto
    readability-redundant-access-specifiers
    readability-redundant-control-flow
    readability-redundant-declaration
    readability-redundant-function-ptr-dereference
    readability-redundant-member-init
    readability-redundant-preprocessor
    readability-redundant-smartptr-get
    readability-redundant-string-cstr
    readability-redundant-string-init
    readability-simplify-boolean-expr
    readability-simplify-subscript-expr
    readability-static-accessed-through-instance
    readability-static-definition-in-anonymous-namespace
    readability-string-compare
    readability-uniqueptr-delete-release
    readability-uppercase-literal-suffix
    readability-use-anyofallof

clang-tidy -p=/Users/clausklein/Workspace/cpp/.build-Observe-Debug /Users/clausklein/Workspace/cpp/Observe/example/example.cpp
/Users/clausklein/Workspace/cpp/Observe/include/observe/event.h:16:37: warning: class 'Event' defines a copy constructor, a copy assignment operator, a move constructor and a move assignment operator but does not define a destructor [cppcoreguidelines-special-member-functions]
  template <typename... Args> class Event {
                                    ^
/Users/clausklein/Workspace/cpp/Observe/include/observe/event.h:173:37: warning: class 'SharedEvent' defines a copy constructor and a copy assignment operator but does not define a destructor, a move constructor or a move assignment operator [cppcoreguidelines-special-member-functions]
  template <typename... Args> class SharedEvent : public Event<Args...> {
                                    ^
/Users/clausklein/Workspace/cpp/Observe/include/observe/event.h:180:18: warning: operator=() does not handle self-assignment properly [cert-oop54-cpp]
    SharedEvent &operator=(const SharedEvent<Args...> &other) {
                 ^
/Users/clausklein/Workspace/cpp/Observe/include/observe/observer.h:12:9: warning: class 'Observer' defines a copy assignment operator, a move constructor and a move assignment operator but does not define a destructor or a copy constructor [cppcoreguidelines-special-member-functions]
  class Observer {
        ^
/Users/clausklein/Workspace/cpp/Observe/include/observe/observer.h:17:12: warning: class 'Base' defines a non-default destructor but does not define a copy constructor, a copy assignment operator, a move constructor or a move assignment operator [cppcoreguidelines-special-member-functions]
    struct Base {
           ^
40185 warnings generated.
Suppressed 40180 warnings (40180 in non-user code).
Use -header-filter=.* to display errors from all non-system headers. Use -system-headers to display errors from system headers as well.
